2025-02-17 10:14:13 - Error: Class "DOMDocument" not found
File: /var/www/html/opencart/upload/extension/opencart/admin/controller/currency/ecb.php
Line: 99

Backtrace: 0
File: /var/www/html/opencart/upload/system/engine/loader.php
Line: 112
Class: Opencart\Admin\Controller\Extension\Opencart\Currency\ECB
Function: currency

Backtrace: 1
File: /var/www/html/opencart/upload/admin2504/controller/event/currency.php
Line: 36
Class: Opencart\System\Engine\Loader
Function: controller

Backtrace: 2
File: /var/www/html/opencart/upload/system/engine/action.php
Line: 96
Class: Opencart\Admin\Controller\Event\Currency
Function: index

Backtrace: 3
File: /var/www/html/opencart/upload/system/engine/event.php
Line: 72
Class: Opencart\System\Engine\Action
Function: execute

Backtrace: 4
File: /var/www/html/opencart/upload/system/engine/loader.php
Line: 350
Class: Opencart\System\Engine\Event
Function: trigger

Backtrace: 5
File: /var/www/html/opencart/upload/system/engine/proxy.php
Line: 87
Class: Opencart\System\Engine\Loader
Function: Opencart\System\Engine\{closure}

Backtrace: 6
File: /var/www/html/opencart/upload/admin2504/controller/common/developer.php
Line: 43
Class: Opencart\System\Engine\Proxy
Function: __call

Backtrace: 7
File: /var/www/html/opencart/upload/system/engine/action.php
Line: 96
Class: Opencart\Admin\Controller\Common\Developer
Function: edit

Backtrace: 8
File: /var/www/html/opencart/upload/system/framework.php
Line: 256
Class: Opencart\System\Engine\Action
Function: execute

Backtrace: 9
File: /var/www/html/opencart/upload/admin2504/index.php
Line: 20
Function: require_once
2025-02-17 10:14:17 - Error: Class "DOMDocument" not found
File: /var/www/html/opencart/upload/extension/opencart/admin/controller/currency/ecb.php
Line: 99

Backtrace: 0
File: /var/www/html/opencart/upload/system/engine/loader.php
Line: 112
Class: Opencart\Admin\Controller\Extension\Opencart\Currency\ECB
Function: currency

Backtrace: 1
File: /var/www/html/opencart/upload/admin2504/controller/event/currency.php
Line: 36
Class: Opencart\System\Engine\Loader
Function: controller

Backtrace: 2
File: /var/www/html/opencart/upload/system/engine/action.php
Line: 96
Class: Opencart\Admin\Controller\Event\Currency
Function: index

Backtrace: 3
File: /var/www/html/opencart/upload/system/engine/event.php
Line: 72
Class: Opencart\System\Engine\Action
Function: execute

Backtrace: 4
File: /var/www/html/opencart/upload/system/engine/loader.php
Line: 350
Class: Opencart\System\Engine\Event
Function: trigger

Backtrace: 5
File: /var/www/html/opencart/upload/system/engine/proxy.php
Line: 87
Class: Opencart\System\Engine\Loader
Function: Opencart\System\Engine\{closure}

Backtrace: 6
File: /var/www/html/opencart/upload/admin2504/controller/common/developer.php
Line: 43
Class: Opencart\System\Engine\Proxy
Function: __call

Backtrace: 7
File: /var/www/html/opencart/upload/system/engine/action.php
Line: 96
Class: Opencart\Admin\Controller\Common\Developer
Function: edit

Backtrace: 8
File: /var/www/html/opencart/upload/system/framework.php
Line: 256
Class: Opencart\System\Engine\Action
Function: execute

Backtrace: 9
File: /var/www/html/opencart/upload/admin2504/index.php
Line: 20
Function: require_once
2025-02-17 11:06:33 - Error: Undefined constant "Opencart\Admin\Controller\Catalog\no_image"
File: /var/www/html/opencart/upload/admin2504/controller/catalog/product.php
Line: 1227

Backtrace: 0
File: /var/www/html/opencart/upload/system/engine/action.php
Line: 96
Class: Opencart\Admin\Controller\Catalog\Product
Function: save

Backtrace: 1
File: /var/www/html/opencart/upload/system/framework.php
Line: 256
Class: Opencart\System\Engine\Action
Function: execute

Backtrace: 2
File: /var/www/html/opencart/upload/admin2504/index.php
Line: 20
Function: require_once
2025-02-17 11:06:39 - Error: Undefined constant "Opencart\Admin\Controller\Catalog\no_image"
File: /var/www/html/opencart/upload/admin2504/controller/catalog/product.php
Line: 1227

Backtrace: 0
File: /var/www/html/opencart/upload/system/engine/action.php
Line: 96
Class: Opencart\Admin\Controller\Catalog\Product
Function: save

Backtrace: 1
File: /var/www/html/opencart/upload/system/framework.php
Line: 256
Class: Opencart\System\Engine\Action
Function: execute

Backtrace: 2
File: /var/www/html/opencart/upload/admin2504/index.php
Line: 20
Function: require_once
2025-02-17 11:06:40 - Error: Undefined constant "Opencart\Admin\Controller\Catalog\no_image"
File: /var/www/html/opencart/upload/admin2504/controller/catalog/product.php
Line: 1227

Backtrace: 0
File: /var/www/html/opencart/upload/system/engine/action.php
Line: 96
Class: Opencart\Admin\Controller\Catalog\Product
Function: save

Backtrace: 1
File: /var/www/html/opencart/upload/system/framework.php
Line: 256
Class: Opencart\System\Engine\Action
Function: execute

Backtrace: 2
File: /var/www/html/opencart/upload/admin2504/index.php
Line: 20
Function: require_once
2025-02-17 11:06:43 - Error: Undefined constant "Opencart\Admin\Controller\Catalog\no_image"
File: /var/www/html/opencart/upload/admin2504/controller/catalog/product.php
Line: 1227

Backtrace: 0
File: /var/www/html/opencart/upload/system/engine/action.php
Line: 96
Class: Opencart\Admin\Controller\Catalog\Product
Function: save

Backtrace: 1
File: /var/www/html/opencart/upload/system/framework.php
Line: 256
Class: Opencart\System\Engine\Action
Function: execute

Backtrace: 2
File: /var/www/html/opencart/upload/admin2504/index.php
Line: 20
Function: require_once
2025-02-17 11:06:51 - Error: Undefined constant "Opencart\Admin\Controller\Catalog\no_image"
File: /var/www/html/opencart/upload/admin2504/controller/catalog/product.php
Line: 1227

Backtrace: 0
File: /var/www/html/opencart/upload/system/engine/action.php
Line: 96
Class: Opencart\Admin\Controller\Catalog\Product
Function: save

Backtrace: 1
File: /var/www/html/opencart/upload/system/framework.php
Line: 256
Class: Opencart\System\Engine\Action
Function: execute

Backtrace: 2
File: /var/www/html/opencart/upload/admin2504/index.php
Line: 20
Function: require_once
2025-02-17 11:12:09 - PHP Warning:  Undefined array key "image_tap" in /var/www/html/opencart/upload/admin2504/model/catalog/product.php on line 212
2025-02-17 11:12:09 - Error: Opencart\System\Library\DB::escape(): Argument #1 ($value) must be of type string, null given, called in /var/www/html/opencart/upload/admin2504/model/catalog/product.php on line 212
File: /var/www/html/opencart/upload/system/library/db.php
Line: 64

Backtrace: 0
File: /var/www/html/opencart/upload/admin2504/model/catalog/product.php
Line: 212
Class: Opencart\System\Library\DB
Function: escape

Backtrace: 1
File: /var/www/html/opencart/upload/system/engine/loader.php
Line: 343
Class: Opencart\Admin\Model\Catalog\Product
Function: editProductTap

Backtrace: 2
File: /var/www/html/opencart/upload/system/engine/proxy.php
Line: 87
Class: Opencart\System\Engine\Loader
Function: Opencart\System\Engine\{closure}

Backtrace: 3
File: /var/www/html/opencart/upload/admin2504/controller/catalog/product.php
Line: 1397
Class: Opencart\System\Engine\Proxy
Function: __call

Backtrace: 4
File: /var/www/html/opencart/upload/system/engine/action.php
Line: 96
Class: Opencart\Admin\Controller\Catalog\Product
Function: save

Backtrace: 5
File: /var/www/html/opencart/upload/system/framework.php
Line: 256
Class: Opencart\System\Engine\Action
Function: execute

Backtrace: 6
File: /var/www/html/opencart/upload/admin2504/index.php
Line: 20
Function: require_once
2025-02-17 11:12:59 - PHP Warning:  Undefined array key "image_tap" in /var/www/html/opencart/upload/admin2504/model/catalog/product.php on line 212
2025-02-17 11:12:59 - Error: Opencart\System\Library\DB::escape(): Argument #1 ($value) must be of type string, null given, called in /var/www/html/opencart/upload/admin2504/model/catalog/product.php on line 212
File: /var/www/html/opencart/upload/system/library/db.php
Line: 64

Backtrace: 0
File: /var/www/html/opencart/upload/admin2504/model/catalog/product.php
Line: 212
Class: Opencart\System\Library\DB
Function: escape

Backtrace: 1
File: /var/www/html/opencart/upload/system/engine/loader.php
Line: 343
Class: Opencart\Admin\Model\Catalog\Product
Function: editProductTap

Backtrace: 2
File: /var/www/html/opencart/upload/system/engine/proxy.php
Line: 87
Class: Opencart\System\Engine\Loader
Function: Opencart\System\Engine\{closure}

Backtrace: 3
File: /var/www/html/opencart/upload/admin2504/controller/catalog/product.php
Line: 1397
Class: Opencart\System\Engine\Proxy
Function: __call

Backtrace: 4
File: /var/www/html/opencart/upload/system/engine/action.php
Line: 96
Class: Opencart\Admin\Controller\Catalog\Product
Function: save

Backtrace: 5
File: /var/www/html/opencart/upload/system/framework.php
Line: 256
Class: Opencart\System\Engine\Action
Function: execute

Backtrace: 6
File: /var/www/html/opencart/upload/admin2504/index.php
Line: 20
Function: require_once
2025-02-17 11:13:10 - PHP Warning:  Undefined array key "image_tap" in /var/www/html/opencart/upload/admin2504/model/catalog/product.php on line 212
2025-02-17 11:13:10 - Error: Opencart\System\Library\DB::escape(): Argument #1 ($value) must be of type string, null given, called in /var/www/html/opencart/upload/admin2504/model/catalog/product.php on line 212
File: /var/www/html/opencart/upload/system/library/db.php
Line: 64

Backtrace: 0
File: /var/www/html/opencart/upload/admin2504/model/catalog/product.php
Line: 212
Class: Opencart\System\Library\DB
Function: escape

Backtrace: 1
File: /var/www/html/opencart/upload/system/engine/loader.php
Line: 343
Class: Opencart\Admin\Model\Catalog\Product
Function: editProductTap

Backtrace: 2
File: /var/www/html/opencart/upload/system/engine/proxy.php
Line: 87
Class: Opencart\System\Engine\Loader
Function: Opencart\System\Engine\{closure}

Backtrace: 3
File: /var/www/html/opencart/upload/admin2504/controller/catalog/product.php
Line: 1397
Class: Opencart\System\Engine\Proxy
Function: __call

Backtrace: 4
File: /var/www/html/opencart/upload/system/engine/action.php
Line: 96
Class: Opencart\Admin\Controller\Catalog\Product
Function: save

Backtrace: 5
File: /var/www/html/opencart/upload/system/framework.php
Line: 256
Class: Opencart\System\Engine\Action
Function: execute

Backtrace: 6
File: /var/www/html/opencart/upload/admin2504/index.php
Line: 20
Function: require_once
2025-02-17 11:13:11 - PHP Warning:  Undefined array key "image_tap" in /var/www/html/opencart/upload/admin2504/model/catalog/product.php on line 212
2025-02-17 11:13:11 - Error: Opencart\System\Library\DB::escape(): Argument #1 ($value) must be of type string, null given, called in /var/www/html/opencart/upload/admin2504/model/catalog/product.php on line 212
File: /var/www/html/opencart/upload/system/library/db.php
Line: 64

Backtrace: 0
File: /var/www/html/opencart/upload/admin2504/model/catalog/product.php
Line: 212
Class: Opencart\System\Library\DB
Function: escape

Backtrace: 1
File: /var/www/html/opencart/upload/system/engine/loader.php
Line: 343
Class: Opencart\Admin\Model\Catalog\Product
Function: editProductTap

Backtrace: 2
File: /var/www/html/opencart/upload/system/engine/proxy.php
Line: 87
Class: Opencart\System\Engine\Loader
Function: Opencart\System\Engine\{closure}

Backtrace: 3
File: /var/www/html/opencart/upload/admin2504/controller/catalog/product.php
Line: 1397
Class: Opencart\System\Engine\Proxy
Function: __call

Backtrace: 4
File: /var/www/html/opencart/upload/system/engine/action.php
Line: 96
Class: Opencart\Admin\Controller\Catalog\Product
Function: save

Backtrace: 5
File: /var/www/html/opencart/upload/system/framework.php
Line: 256
Class: Opencart\System\Engine\Action
Function: execute

Backtrace: 6
File: /var/www/html/opencart/upload/admin2504/index.php
Line: 20
Function: require_once
2025-02-17 11:13:11 - PHP Warning:  Undefined array key "image_tap" in /var/www/html/opencart/upload/admin2504/model/catalog/product.php on line 212
2025-02-17 11:13:11 - Error: Opencart\System\Library\DB::escape(): Argument #1 ($value) must be of type string, null given, called in /var/www/html/opencart/upload/admin2504/model/catalog/product.php on line 212
File: /var/www/html/opencart/upload/system/library/db.php
Line: 64

Backtrace: 0
File: /var/www/html/opencart/upload/admin2504/model/catalog/product.php
Line: 212
Class: Opencart\System\Library\DB
Function: escape

Backtrace: 1
File: /var/www/html/opencart/upload/system/engine/loader.php
Line: 343
Class: Opencart\Admin\Model\Catalog\Product
Function: editProductTap

Backtrace: 2
File: /var/www/html/opencart/upload/system/engine/proxy.php
Line: 87
Class: Opencart\System\Engine\Loader
Function: Opencart\System\Engine\{closure}

Backtrace: 3
File: /var/www/html/opencart/upload/admin2504/controller/catalog/product.php
Line: 1397
Class: Opencart\System\Engine\Proxy
Function: __call

Backtrace: 4
File: /var/www/html/opencart/upload/system/engine/action.php
Line: 96
Class: Opencart\Admin\Controller\Catalog\Product
Function: save

Backtrace: 5
File: /var/www/html/opencart/upload/system/framework.php
Line: 256
Class: Opencart\System\Engine\Action
Function: execute

Backtrace: 6
File: /var/www/html/opencart/upload/admin2504/index.php
Line: 20
Function: require_once
2025-02-17 11:14:05 - PHP Warning:  Undefined array key "image_tap" in /var/www/html/opencart/upload/admin2504/model/catalog/product.php on line 212
2025-02-17 11:14:05 - Error: Opencart\System\Library\DB::escape(): Argument #1 ($value) must be of type string, null given, called in /var/www/html/opencart/upload/admin2504/model/catalog/product.php on line 212
File: /var/www/html/opencart/upload/system/library/db.php
Line: 64

Backtrace: 0
File: /var/www/html/opencart/upload/admin2504/model/catalog/product.php
Line: 212
Class: Opencart\System\Library\DB
Function: escape

Backtrace: 1
File: /var/www/html/opencart/upload/system/engine/loader.php
Line: 343
Class: Opencart\Admin\Model\Catalog\Product
Function: editProductTap

Backtrace: 2
File: /var/www/html/opencart/upload/system/engine/proxy.php
Line: 87
Class: Opencart\System\Engine\Loader
Function: Opencart\System\Engine\{closure}

Backtrace: 3
File: /var/www/html/opencart/upload/admin2504/controller/catalog/product.php
Line: 1397
Class: Opencart\System\Engine\Proxy
Function: __call

Backtrace: 4
File: /var/www/html/opencart/upload/system/engine/action.php
Line: 96
Class: Opencart\Admin\Controller\Catalog\Product
Function: save

Backtrace: 5
File: /var/www/html/opencart/upload/system/framework.php
Line: 256
Class: Opencart\System\Engine\Action
Function: execute

Backtrace: 6
File: /var/www/html/opencart/upload/admin2504/index.php
Line: 20
Function: require_once
2025-02-17 11:21:38 - Error: Opencart\System\Library\DB::escape(): Argument #1 ($value) must be of type string, null given, called in /var/www/html/opencart/upload/admin2504/model/catalog/product.php on line 1236
File: /var/www/html/opencart/upload/system/library/db.php
Line: 64

Backtrace: 0
File: /var/www/html/opencart/upload/admin2504/model/catalog/product.php
Line: 1236
Class: Opencart\System\Library\DB
Function: escape

Backtrace: 1
File: /var/www/html/opencart/upload/system/engine/loader.php
Line: 343
Class: Opencart\Admin\Model\Catalog\Product
Function: addDescription

Backtrace: 2
File: /var/www/html/opencart/upload/system/engine/proxy.php
Line: 87
Class: Opencart\System\Engine\Loader
Function: Opencart\System\Engine\{closure}

Backtrace: 3
File: /var/www/html/opencart/upload/admin2504/model/localisation/language.php
Line: 166
Class: Opencart\System\Engine\Proxy
Function: __call

Backtrace: 4
File: /var/www/html/opencart/upload/system/engine/loader.php
Line: 343
Class: Opencart\Admin\Model\Localisation\Language
Function: addLanguage

Backtrace: 5
File: /var/www/html/opencart/upload/system/engine/proxy.php
Line: 87
Class: Opencart\System\Engine\Loader
Function: Opencart\System\Engine\{closure}

Backtrace: 6
File: /var/www/html/opencart/upload/admin2504/controller/localisation/language.php
Line: 307
Class: Opencart\System\Engine\Proxy
Function: __call

Backtrace: 7
File: /var/www/html/opencart/upload/system/engine/action.php
Line: 96
Class: Opencart\Admin\Controller\Localisation\Language
Function: save

Backtrace: 8
File: /var/www/html/opencart/upload/system/framework.php
Line: 256
Class: Opencart\System\Engine\Action
Function: execute

Backtrace: 9
File: /var/www/html/opencart/upload/admin2504/index.php
Line: 20
Function: require_once
2025-02-17 11:22:28 - Error: Opencart\System\Library\DB::escape(): Argument #1 ($value) must be of type string, null given, called in /var/www/html/opencart/upload/admin2504/model/catalog/product.php on line 1236
File: /var/www/html/opencart/upload/system/library/db.php
Line: 64

Backtrace: 0
File: /var/www/html/opencart/upload/admin2504/model/catalog/product.php
Line: 1236
Class: Opencart\System\Library\DB
Function: escape

Backtrace: 1
File: /var/www/html/opencart/upload/system/engine/loader.php
Line: 343
Class: Opencart\Admin\Model\Catalog\Product
Function: addDescription

Backtrace: 2
File: /var/www/html/opencart/upload/system/engine/proxy.php
Line: 87
Class: Opencart\System\Engine\Loader
Function: Opencart\System\Engine\{closure}

Backtrace: 3
File: /var/www/html/opencart/upload/admin2504/model/localisation/language.php
Line: 166
Class: Opencart\System\Engine\Proxy
Function: __call

Backtrace: 4
File: /var/www/html/opencart/upload/system/engine/loader.php
Line: 343
Class: Opencart\Admin\Model\Localisation\Language
Function: addLanguage

Backtrace: 5
File: /var/www/html/opencart/upload/system/engine/proxy.php
Line: 87
Class: Opencart\System\Engine\Loader
Function: Opencart\System\Engine\{closure}

Backtrace: 6
File: /var/www/html/opencart/upload/admin2504/controller/localisation/language.php
Line: 307
Class: Opencart\System\Engine\Proxy
Function: __call

Backtrace: 7
File: /var/www/html/opencart/upload/system/engine/action.php
Line: 96
Class: Opencart\Admin\Controller\Localisation\Language
Function: save

Backtrace: 8
File: /var/www/html/opencart/upload/system/framework.php
Line: 256
Class: Opencart\System\Engine\Action
Function: execute

Backtrace: 9
File: /var/www/html/opencart/upload/admin2504/index.php
Line: 20
Function: require_once
2025-02-17 11:48:32 - PHP Warning:  Trying to access array offset on value of type null in /var/www/html/opencart/upload/admin2504/controller/catalog/product.php on line 1066
2025-02-18 05:59:06 - Error: mb_strlen(): Argument #1 ($string) must be of type ?string, array given, called in /var/www/html/opencart/upload/admin2504/controller/catalog/product.php on line 1211
File: /var/www/html/opencart/storage/vendor/symfony/polyfill-mbstring/bootstrap80.php
Line: 57

Backtrace: 0
File: /var/www/html/opencart/upload/admin2504/controller/catalog/product.php
Line: 1211
Function: mb_strlen

Backtrace: 1
File: /var/www/html/opencart/upload/system/engine/action.php
Line: 96
Class: Opencart\Admin\Controller\Catalog\Product
Function: save

Backtrace: 2
File: /var/www/html/opencart/upload/system/framework.php
Line: 256
Class: Opencart\System\Engine\Action
Function: execute

Backtrace: 3
File: /var/www/html/opencart/upload/admin2504/index.php
Line: 20
Function: require_once
2025-02-18 05:59:27 - Error: mb_strlen(): Argument #1 ($string) must be of type ?string, array given, called in /var/www/html/opencart/upload/admin2504/controller/catalog/product.php on line 1211
File: /var/www/html/opencart/storage/vendor/symfony/polyfill-mbstring/bootstrap80.php
Line: 57

Backtrace: 0
File: /var/www/html/opencart/upload/admin2504/controller/catalog/product.php
Line: 1211
Function: mb_strlen

Backtrace: 1
File: /var/www/html/opencart/upload/system/engine/action.php
Line: 96
Class: Opencart\Admin\Controller\Catalog\Product
Function: save

Backtrace: 2
File: /var/www/html/opencart/upload/system/framework.php
Line: 256
Class: Opencart\System\Engine\Action
Function: execute

Backtrace: 3
File: /var/www/html/opencart/upload/admin2504/index.php
Line: 20
Function: require_once
2025-02-18 05:59:28 - Error: mb_strlen(): Argument #1 ($string) must be of type ?string, array given, called in /var/www/html/opencart/upload/admin2504/controller/catalog/product.php on line 1211
File: /var/www/html/opencart/storage/vendor/symfony/polyfill-mbstring/bootstrap80.php
Line: 57

Backtrace: 0
File: /var/www/html/opencart/upload/admin2504/controller/catalog/product.php
Line: 1211
Function: mb_strlen

Backtrace: 1
File: /var/www/html/opencart/upload/system/engine/action.php
Line: 96
Class: Opencart\Admin\Controller\Catalog\Product
Function: save

Backtrace: 2
File: /var/www/html/opencart/upload/system/framework.php
Line: 256
Class: Opencart\System\Engine\Action
Function: execute

Backtrace: 3
File: /var/www/html/opencart/upload/admin2504/index.php
Line: 20
Function: require_once
2025-02-18 05:59:41 - Error: mb_strlen(): Argument #1 ($string) must be of type ?string, array given, called in /var/www/html/opencart/upload/admin2504/controller/catalog/product.php on line 1211
File: /var/www/html/opencart/storage/vendor/symfony/polyfill-mbstring/bootstrap80.php
Line: 57

Backtrace: 0
File: /var/www/html/opencart/upload/admin2504/controller/catalog/product.php
Line: 1211
Function: mb_strlen

Backtrace: 1
File: /var/www/html/opencart/upload/system/engine/action.php
Line: 96
Class: Opencart\Admin\Controller\Catalog\Product
Function: save

Backtrace: 2
File: /var/www/html/opencart/upload/system/framework.php
Line: 256
Class: Opencart\System\Engine\Action
Function: execute

Backtrace: 3
File: /var/www/html/opencart/upload/admin2504/index.php
Line: 20
Function: require_once
2025-02-18 06:00:31 - Error: mb_strlen(): Argument #1 ($string) must be of type ?string, array given, called in /var/www/html/opencart/upload/admin2504/controller/catalog/product.php on line 1211
File: /var/www/html/opencart/storage/vendor/symfony/polyfill-mbstring/bootstrap80.php
Line: 57

Backtrace: 0
File: /var/www/html/opencart/upload/admin2504/controller/catalog/product.php
Line: 1211
Function: mb_strlen

Backtrace: 1
File: /var/www/html/opencart/upload/system/engine/action.php
Line: 96
Class: Opencart\Admin\Controller\Catalog\Product
Function: save

Backtrace: 2
File: /var/www/html/opencart/upload/system/framework.php
Line: 256
Class: Opencart\System\Engine\Action
Function: execute

Backtrace: 3
File: /var/www/html/opencart/upload/admin2504/index.php
Line: 20
Function: require_once
2025-02-18 06:00:32 - Error: mb_strlen(): Argument #1 ($string) must be of type ?string, array given, called in /var/www/html/opencart/upload/admin2504/controller/catalog/product.php on line 1211
File: /var/www/html/opencart/storage/vendor/symfony/polyfill-mbstring/bootstrap80.php
Line: 57

Backtrace: 0
File: /var/www/html/opencart/upload/admin2504/controller/catalog/product.php
Line: 1211
Function: mb_strlen

Backtrace: 1
File: /var/www/html/opencart/upload/system/engine/action.php
Line: 96
Class: Opencart\Admin\Controller\Catalog\Product
Function: save

Backtrace: 2
File: /var/www/html/opencart/upload/system/framework.php
Line: 256
Class: Opencart\System\Engine\Action
Function: execute

Backtrace: 3
File: /var/www/html/opencart/upload/admin2504/index.php
Line: 20
Function: require_once
2025-02-18 06:00:52 - Error: mb_strlen(): Argument #1 ($string) must be of type ?string, array given, called in /var/www/html/opencart/upload/admin2504/controller/catalog/product.php on line 1211
File: /var/www/html/opencart/storage/vendor/symfony/polyfill-mbstring/bootstrap80.php
Line: 57

Backtrace: 0
File: /var/www/html/opencart/upload/admin2504/controller/catalog/product.php
Line: 1211
Function: mb_strlen

Backtrace: 1
File: /var/www/html/opencart/upload/system/engine/action.php
Line: 96
Class: Opencart\Admin\Controller\Catalog\Product
Function: save

Backtrace: 2
File: /var/www/html/opencart/upload/system/framework.php
Line: 256
Class: Opencart\System\Engine\Action
Function: execute

Backtrace: 3
File: /var/www/html/opencart/upload/admin2504/index.php
Line: 20
Function: require_once
2025-02-18 06:02:04 - Error: mb_strlen(): Argument #1 ($string) must be of type ?string, array given, called in /var/www/html/opencart/upload/admin2504/controller/catalog/product.php on line 1211
File: /var/www/html/opencart/storage/vendor/symfony/polyfill-mbstring/bootstrap80.php
Line: 57

Backtrace: 0
File: /var/www/html/opencart/upload/admin2504/controller/catalog/product.php
Line: 1211
Function: mb_strlen

Backtrace: 1
File: /var/www/html/opencart/upload/system/engine/action.php
Line: 96
Class: Opencart\Admin\Controller\Catalog\Product
Function: save

Backtrace: 2
File: /var/www/html/opencart/upload/system/framework.php
Line: 256
Class: Opencart\System\Engine\Action
Function: execute

Backtrace: 3
File: /var/www/html/opencart/upload/admin2504/index.php
Line: 20
Function: require_once
2025-02-18 06:02:04 - Error: mb_strlen(): Argument #1 ($string) must be of type ?string, array given, called in /var/www/html/opencart/upload/admin2504/controller/catalog/product.php on line 1211
File: /var/www/html/opencart/storage/vendor/symfony/polyfill-mbstring/bootstrap80.php
Line: 57

Backtrace: 0
File: /var/www/html/opencart/upload/admin2504/controller/catalog/product.php
Line: 1211
Function: mb_strlen

Backtrace: 1
File: /var/www/html/opencart/upload/system/engine/action.php
Line: 96
Class: Opencart\Admin\Controller\Catalog\Product
Function: save

Backtrace: 2
File: /var/www/html/opencart/upload/system/framework.php
Line: 256
Class: Opencart\System\Engine\Action
Function: execute

Backtrace: 3
File: /var/www/html/opencart/upload/admin2504/index.php
Line: 20
Function: require_once
2025-02-18 06:02:07 - Error: mb_strlen(): Argument #1 ($string) must be of type ?string, array given, called in /var/www/html/opencart/upload/admin2504/controller/catalog/product.php on line 1211
File: /var/www/html/opencart/storage/vendor/symfony/polyfill-mbstring/bootstrap80.php
Line: 57

Backtrace: 0
File: /var/www/html/opencart/upload/admin2504/controller/catalog/product.php
Line: 1211
Function: mb_strlen

Backtrace: 1
File: /var/www/html/opencart/upload/system/engine/action.php
Line: 96
Class: Opencart\Admin\Controller\Catalog\Product
Function: save

Backtrace: 2
File: /var/www/html/opencart/upload/system/framework.php
Line: 256
Class: Opencart\System\Engine\Action
Function: execute

Backtrace: 3
File: /var/www/html/opencart/upload/admin2504/index.php
Line: 20
Function: require_once
2025-02-18 06:08:20 - Error: mb_strlen(): Argument #1 ($string) must be of type ?string, array given, called in /var/www/html/opencart/upload/admin2504/controller/catalog/product.php on line 1211
File: /var/www/html/opencart/storage/vendor/symfony/polyfill-mbstring/bootstrap80.php
Line: 57

Backtrace: 0
File: /var/www/html/opencart/upload/admin2504/controller/catalog/product.php
Line: 1211
Function: mb_strlen

Backtrace: 1
File: /var/www/html/opencart/upload/system/engine/action.php
Line: 96
Class: Opencart\Admin\Controller\Catalog\Product
Function: save

Backtrace: 2
File: /var/www/html/opencart/upload/system/framework.php
Line: 256
Class: Opencart\System\Engine\Action
Function: execute

Backtrace: 3
File: /var/www/html/opencart/upload/admin2504/index.php
Line: 20
Function: require_once
2025-02-18 06:08:35 - Error: mb_strlen(): Argument #1 ($string) must be of type ?string, array given, called in /var/www/html/opencart/upload/admin2504/controller/catalog/product.php on line 1211
File: /var/www/html/opencart/storage/vendor/symfony/polyfill-mbstring/bootstrap80.php
Line: 57

Backtrace: 0
File: /var/www/html/opencart/upload/admin2504/controller/catalog/product.php
Line: 1211
Function: mb_strlen

Backtrace: 1
File: /var/www/html/opencart/upload/system/engine/action.php
Line: 96
Class: Opencart\Admin\Controller\Catalog\Product
Function: save

Backtrace: 2
File: /var/www/html/opencart/upload/system/framework.php
Line: 256
Class: Opencart\System\Engine\Action
Function: execute

Backtrace: 3
File: /var/www/html/opencart/upload/admin2504/index.php
Line: 20
Function: require_once
2025-02-18 09:07:00 - PHP Warning:  Undefined array key "taps" in /var/www/html/opencart/upload/admin2504/controller/catalog/product.php on line 531
2025-02-18 09:29:51 - PHP Warning:  Undefined variable $data in /var/www/html/opencart/upload/admin2504/model/catalog/product.php on line 228
2025-02-18 09:29:51 - PHP Warning:  Trying to access array offset on value of type null in /var/www/html/opencart/upload/admin2504/model/catalog/product.php on line 228
2025-02-18 11:09:06 - PHP Warning:  Array to string conversion in /var/www/html/opencart/upload/admin2504/controller/catalog/product.php on line 1402
2025-02-18 11:09:07 - PHP Warning:  Undefined variable $product_id in /var/www/html/opencart/upload/admin2504/controller/catalog/product.php on line 1408
2025-02-18 11:09:07 - PHP Warning:  Uninitialized string offset 0 in /var/www/html/opencart/upload/admin2504/model/catalog/product.php on line 185
2025-02-18 11:09:07 - PHP Warning:  Uninitialized string offset 1 in /var/www/html/opencart/upload/admin2504/model/catalog/product.php on line 185
2025-02-18 11:09:07 - PHP Warning:  Uninitialized string offset 2 in /var/www/html/opencart/upload/admin2504/model/catalog/product.php on line 185
2025-02-18 11:09:14 - PHP Warning:  Array to string conversion in /var/www/html/opencart/upload/admin2504/controller/catalog/product.php on line 1402
2025-02-18 11:09:14 - PHP Warning:  Undefined variable $product_id in /var/www/html/opencart/upload/admin2504/controller/catalog/product.php on line 1408
2025-02-18 11:09:14 - PHP Warning:  Uninitialized string offset 0 in /var/www/html/opencart/upload/admin2504/model/catalog/product.php on line 185
2025-02-18 11:09:14 - PHP Warning:  Uninitialized string offset 1 in /var/www/html/opencart/upload/admin2504/model/catalog/product.php on line 185
2025-02-18 11:09:14 - PHP Warning:  Uninitialized string offset 2 in /var/www/html/opencart/upload/admin2504/model/catalog/product.php on line 185
2025-02-18 11:09:35 - PHP Warning:  Array to string conversion in /var/www/html/opencart/upload/admin2504/controller/catalog/product.php on line 1402
2025-02-18 11:09:35 - PHP Warning:  Undefined variable $product_id in /var/www/html/opencart/upload/admin2504/controller/catalog/product.php on line 1408
2025-02-18 11:09:35 - PHP Warning:  Uninitialized string offset 0 in /var/www/html/opencart/upload/admin2504/model/catalog/product.php on line 185
2025-02-18 11:09:35 - PHP Warning:  Uninitialized string offset 1 in /var/www/html/opencart/upload/admin2504/model/catalog/product.php on line 185
2025-02-18 11:09:35 - PHP Warning:  Uninitialized string offset 2 in /var/www/html/opencart/upload/admin2504/model/catalog/product.php on line 185
2025-02-18 11:09:45 - PHP Warning:  Array to string conversion in /var/www/html/opencart/upload/admin2504/controller/catalog/product.php on line 1402
2025-02-18 11:09:45 - PHP Warning:  Undefined variable $product_id in /var/www/html/opencart/upload/admin2504/controller/catalog/product.php on line 1408
2025-02-18 11:09:45 - PHP Warning:  Uninitialized string offset 0 in /var/www/html/opencart/upload/admin2504/model/catalog/product.php on line 185
2025-02-18 11:09:45 - PHP Warning:  Uninitialized string offset 1 in /var/www/html/opencart/upload/admin2504/model/catalog/product.php on line 185
2025-02-18 11:09:45 - PHP Warning:  Uninitialized string offset 2 in /var/www/html/opencart/upload/admin2504/model/catalog/product.php on line 185
2025-02-18 11:10:47 - PHP Warning:  Array to string conversion in /var/www/html/opencart/upload/admin2504/controller/catalog/product.php on line 1402
2025-02-18 11:10:47 - PHP Warning:  Undefined variable $product_id in /var/www/html/opencart/upload/admin2504/controller/catalog/product.php on line 1408
2025-02-18 11:10:47 - PHP Warning:  Uninitialized string offset 0 in /var/www/html/opencart/upload/admin2504/model/catalog/product.php on line 185
2025-02-18 11:10:47 - PHP Warning:  Uninitialized string offset 1 in /var/www/html/opencart/upload/admin2504/model/catalog/product.php on line 185
2025-02-18 11:10:47 - PHP Warning:  Uninitialized string offset 2 in /var/www/html/opencart/upload/admin2504/model/catalog/product.php on line 185
2025-02-18 11:10:54 - PHP Warning:  Array to string conversion in /var/www/html/opencart/upload/admin2504/controller/catalog/product.php on line 1402
2025-02-18 11:10:54 - PHP Warning:  Undefined variable $product_id in /var/www/html/opencart/upload/admin2504/controller/catalog/product.php on line 1408
2025-02-18 11:10:54 - PHP Warning:  Uninitialized string offset 0 in /var/www/html/opencart/upload/admin2504/model/catalog/product.php on line 185
2025-02-18 11:10:54 - PHP Warning:  Uninitialized string offset 1 in /var/www/html/opencart/upload/admin2504/model/catalog/product.php on line 185
2025-02-18 11:10:54 - PHP Warning:  Uninitialized string offset 2 in /var/www/html/opencart/upload/admin2504/model/catalog/product.php on line 185
2025-02-18 11:31:27 - PHP Warning:  Array to string conversion in /var/www/html/opencart/upload/admin2504/controller/catalog/product.php on line 1402
2025-02-18 11:31:27 - PHP Warning:  Undefined variable $product_id in /var/www/html/opencart/upload/admin2504/controller/catalog/product.php on line 1408
2025-02-18 11:32:23 - PHP Warning:  Array to string conversion in /var/www/html/opencart/upload/admin2504/controller/catalog/product.php on line 1402
2025-02-18 11:32:23 - PHP Warning:  Undefined variable $product_id in /var/www/html/opencart/upload/admin2504/controller/catalog/product.php on line 1408
2025-02-18 11:33:49 - Error: Opencart\System\Library\DB::escape(): Argument #1 ($value) must be of type string, null given, called in /var/www/html/opencart/upload/admin2504/model/catalog/product.php on line 1250
File: /var/www/html/opencart/upload/system/library/db.php
Line: 64

Backtrace: 0
File: /var/www/html/opencart/upload/admin2504/model/catalog/product.php
Line: 1250
Class: Opencart\System\Library\DB
Function: escape

Backtrace: 1
File: /var/www/html/opencart/upload/system/engine/loader.php
Line: 343
Class: Opencart\Admin\Model\Catalog\Product
Function: addDescription

Backtrace: 2
File: /var/www/html/opencart/upload/system/engine/proxy.php
Line: 87
Class: Opencart\System\Engine\Loader
Function: Opencart\System\Engine\{closure}

Backtrace: 3
File: /var/www/html/opencart/upload/admin2504/model/localisation/language.php
Line: 166
Class: Opencart\System\Engine\Proxy
Function: __call

Backtrace: 4
File: /var/www/html/opencart/upload/system/engine/loader.php
Line: 343
Class: Opencart\Admin\Model\Localisation\Language
Function: addLanguage

Backtrace: 5
File: /var/www/html/opencart/upload/system/engine/proxy.php
Line: 87
Class: Opencart\System\Engine\Loader
Function: Opencart\System\Engine\{closure}

Backtrace: 6
File: /var/www/html/opencart/upload/admin2504/controller/localisation/language.php
Line: 307
Class: Opencart\System\Engine\Proxy
Function: __call

Backtrace: 7
File: /var/www/html/opencart/upload/system/engine/action.php
Line: 96
Class: Opencart\Admin\Controller\Localisation\Language
Function: save

Backtrace: 8
File: /var/www/html/opencart/upload/system/framework.php
Line: 256
Class: Opencart\System\Engine\Action
Function: execute

Backtrace: 9
File: /var/www/html/opencart/upload/admin2504/index.php
Line: 20
Function: require_once
2025-02-18 11:35:23 - PHP Warning:  Array to string conversion in /var/www/html/opencart/upload/admin2504/controller/catalog/product.php on line 1402
2025-02-18 11:35:23 - PHP Warning:  Undefined variable $product_id in /var/www/html/opencart/upload/admin2504/controller/catalog/product.php on line 1408
2025-02-18 11:35:23 - PHP Warning:  Uninitialized string offset 0 in /var/www/html/opencart/upload/admin2504/model/catalog/product.php on line 185
2025-02-18 11:35:23 - PHP Warning:  Uninitialized string offset 1 in /var/www/html/opencart/upload/admin2504/model/catalog/product.php on line 185
2025-02-18 11:35:40 - PHP Warning:  Array to string conversion in /var/www/html/opencart/upload/admin2504/controller/catalog/product.php on line 1402
2025-02-18 11:35:40 - PHP Warning:  Undefined variable $product_id in /var/www/html/opencart/upload/admin2504/controller/catalog/product.php on line 1408
2025-02-18 11:35:40 - PHP Warning:  Uninitialized string offset 0 in /var/www/html/opencart/upload/admin2504/model/catalog/product.php on line 185
2025-02-18 11:35:40 - PHP Warning:  Uninitialized string offset 1 in /var/www/html/opencart/upload/admin2504/model/catalog/product.php on line 185
2025-02-18 11:36:02 - PHP Warning:  Array to string conversion in /var/www/html/opencart/upload/admin2504/controller/catalog/product.php on line 1402
2025-02-18 11:36:02 - PHP Warning:  Undefined variable $product_id in /var/www/html/opencart/upload/admin2504/controller/catalog/product.php on line 1408
2025-02-18 11:36:02 - PHP Warning:  Uninitialized string offset 0 in /var/www/html/opencart/upload/admin2504/model/catalog/product.php on line 185
2025-02-18 11:36:02 - PHP Warning:  Uninitialized string offset 1 in /var/www/html/opencart/upload/admin2504/model/catalog/product.php on line 185
2025-02-18 11:36:29 - PHP Warning:  Array to string conversion in /var/www/html/opencart/upload/admin2504/controller/catalog/product.php on line 1402
2025-02-18 11:36:29 - PHP Warning:  Undefined variable $product_id in /var/www/html/opencart/upload/admin2504/controller/catalog/product.php on line 1408
2025-02-18 11:36:29 - PHP Warning:  Uninitialized string offset 0 in /var/www/html/opencart/upload/admin2504/model/catalog/product.php on line 185
2025-02-18 11:36:29 - PHP Warning:  Uninitialized string offset 1 in /var/www/html/opencart/upload/admin2504/model/catalog/product.php on line 185
2025-02-18 11:36:47 - PHP Warning:  Array to string conversion in /var/www/html/opencart/upload/admin2504/controller/catalog/product.php on line 1402
2025-02-18 11:36:47 - PHP Warning:  Undefined variable $product_id in /var/www/html/opencart/upload/admin2504/controller/catalog/product.php on line 1408
2025-02-18 11:36:47 - PHP Warning:  Uninitialized string offset 0 in /var/www/html/opencart/upload/admin2504/model/catalog/product.php on line 185
2025-02-18 11:36:47 - PHP Warning:  Uninitialized string offset 1 in /var/www/html/opencart/upload/admin2504/model/catalog/product.php on line 185
2025-02-18 11:37:33 - PHP Warning:  Array to string conversion in /var/www/html/opencart/upload/admin2504/controller/catalog/product.php on line 1402
2025-02-18 11:37:33 - PHP Warning:  Undefined variable $product_id in /var/www/html/opencart/upload/admin2504/controller/catalog/product.php on line 1408
2025-02-18 11:37:33 - PHP Warning:  Uninitialized string offset 0 in /var/www/html/opencart/upload/admin2504/model/catalog/product.php on line 185
2025-02-18 11:37:33 - PHP Warning:  Uninitialized string offset 1 in /var/www/html/opencart/upload/admin2504/model/catalog/product.php on line 185
2025-02-18 11:38:37 - PHP Warning:  Array to string conversion in /var/www/html/opencart/upload/admin2504/controller/catalog/product.php on line 1402
2025-02-18 11:38:37 - PHP Warning:  Undefined variable $product_id in /var/www/html/opencart/upload/admin2504/controller/catalog/product.php on line 1408
2025-02-18 11:38:37 - PHP Warning:  Uninitialized string offset 0 in /var/www/html/opencart/upload/admin2504/model/catalog/product.php on line 185
2025-02-18 11:38:37 - PHP Warning:  Uninitialized string offset 1 in /var/www/html/opencart/upload/admin2504/model/catalog/product.php on line 185
2025-02-18 11:50:17 - PHP Warning:  Array to string conversion in /var/www/html/opencart/upload/admin2504/controller/catalog/product.php on line 1402
2025-02-18 11:50:17 - PHP Warning:  Undefined array key "stock_status_id" in /var/www/html/opencart/upload/admin2504/model/catalog/product.php on line 34
2025-02-18 11:50:17 - PHP Warning:  Undefined array key "weight_class_id" in /var/www/html/opencart/upload/admin2504/model/catalog/product.php on line 38
2025-02-18 11:50:17 - PHP Warning:  Undefined variable $product_id in /var/www/html/opencart/upload/admin2504/controller/catalog/product.php on line 1408
2025-02-18 11:50:17 - PHP Warning:  Uninitialized string offset 0 in /var/www/html/opencart/upload/admin2504/model/catalog/product.php on line 185
2025-02-18 11:50:17 - PHP Warning:  Uninitialized string offset 1 in /var/www/html/opencart/upload/admin2504/model/catalog/product.php on line 185
2025-02-18 11:50:43 - PHP Warning:  Array to string conversion in /var/www/html/opencart/upload/admin2504/controller/catalog/product.php on line 1402
2025-02-18 11:50:43 - PHP Warning:  Undefined array key "stock_status_id" in /var/www/html/opencart/upload/admin2504/model/catalog/product.php on line 34
2025-02-18 11:50:43 - PHP Warning:  Undefined array key "weight_class_id" in /var/www/html/opencart/upload/admin2504/model/catalog/product.php on line 38
2025-02-18 11:50:43 - PHP Warning:  Undefined variable $product_id in /var/www/html/opencart/upload/admin2504/controller/catalog/product.php on line 1408
2025-02-18 11:50:43 - PHP Warning:  Uninitialized string offset 0 in /var/www/html/opencart/upload/admin2504/model/catalog/product.php on line 185
2025-02-18 11:50:43 - PHP Warning:  Uninitialized string offset 1 in /var/www/html/opencart/upload/admin2504/model/catalog/product.php on line 185
2025-02-18 11:51:30 - PHP Warning:  Array to string conversion in /var/www/html/opencart/upload/admin2504/controller/catalog/product.php on line 1402
2025-02-18 11:51:30 - PHP Warning:  Undefined array key "stock_status_id" in /var/www/html/opencart/upload/admin2504/model/catalog/product.php on line 34
2025-02-18 11:51:30 - PHP Warning:  Undefined array key "weight_class_id" in /var/www/html/opencart/upload/admin2504/model/catalog/product.php on line 38
2025-02-18 11:51:30 - PHP Warning:  Undefined variable $product_id in /var/www/html/opencart/upload/admin2504/controller/catalog/product.php on line 1408
2025-02-18 11:51:30 - PHP Warning:  Uninitialized string offset 0 in /var/www/html/opencart/upload/admin2504/model/catalog/product.php on line 185
2025-02-18 11:51:30 - PHP Warning:  Uninitialized string offset 1 in /var/www/html/opencart/upload/admin2504/model/catalog/product.php on line 185
2025-02-18 11:55:30 - PHP Warning:  Array to string conversion in /var/www/html/opencart/upload/admin2504/controller/catalog/product.php on line 1402
2025-02-18 11:55:30 - PHP Warning:  Undefined array key "stock_status_id" in /var/www/html/opencart/upload/admin2504/model/catalog/product.php on line 34
2025-02-18 11:55:30 - PHP Warning:  Undefined array key "weight_class_id" in /var/www/html/opencart/upload/admin2504/model/catalog/product.php on line 38
2025-02-18 11:55:30 - PHP Warning:  Undefined variable $product_id in /var/www/html/opencart/upload/admin2504/controller/catalog/product.php on line 1408
2025-02-18 11:55:30 - PHP Warning:  Uninitialized string offset 0 in /var/www/html/opencart/upload/admin2504/model/catalog/product.php on line 185
2025-02-18 11:55:30 - PHP Warning:  Uninitialized string offset 1 in /var/www/html/opencart/upload/admin2504/model/catalog/product.php on line 185
2025-02-18 11:55:30 - PHP Warning:  Uninitialized string offset 2 in /var/www/html/opencart/upload/admin2504/model/catalog/product.php on line 185
2025-02-18 11:57:06 - PHP Warning:  Array to string conversion in /var/www/html/opencart/upload/admin2504/controller/catalog/product.php on line 1402
2025-02-18 11:57:06 - PHP Warning:  Undefined array key "stock_status_id" in /var/www/html/opencart/upload/admin2504/model/catalog/product.php on line 34
2025-02-18 11:57:06 - PHP Warning:  Undefined array key "weight_class_id" in /var/www/html/opencart/upload/admin2504/model/catalog/product.php on line 38
2025-02-18 11:57:06 - PHP Warning:  Undefined variable $product_id in /var/www/html/opencart/upload/admin2504/controller/catalog/product.php on line 1408
2025-02-18 11:57:29 - PHP Warning:  Array to string conversion in /var/www/html/opencart/upload/admin2504/controller/catalog/product.php on line 1402
2025-02-18 11:57:29 - PHP Warning:  Undefined array key "stock_status_id" in /var/www/html/opencart/upload/admin2504/model/catalog/product.php on line 34
2025-02-18 11:57:29 - PHP Warning:  Undefined array key "weight_class_id" in /var/www/html/opencart/upload/admin2504/model/catalog/product.php on line 38
2025-02-18 11:57:29 - PHP Warning:  Undefined variable $product_id in /var/www/html/opencart/upload/admin2504/controller/catalog/product.php on line 1408
2025-02-18 11:59:51 - PHP Warning:  Array to string conversion in /var/www/html/opencart/upload/admin2504/controller/catalog/product.php on line 1402
2025-02-18 11:59:51 - PHP Warning:  Undefined array key "stock_status_id" in /var/www/html/opencart/upload/admin2504/model/catalog/product.php on line 34
2025-02-18 11:59:51 - PHP Warning:  Undefined array key "weight_class_id" in /var/www/html/opencart/upload/admin2504/model/catalog/product.php on line 38
2025-02-18 11:59:51 - PHP Warning:  Undefined variable $product_id in /var/www/html/opencart/upload/admin2504/controller/catalog/product.php on line 1408
2025-02-18 12:10:12 - PHP Warning:  Array to string conversion in /var/www/html/opencart/upload/admin2504/controller/catalog/product.php on line 1402
2025-02-18 12:10:12 - PHP Warning:  Undefined variable $product_id in /var/www/html/opencart/upload/admin2504/controller/catalog/product.php on line 1408
2025-02-18 12:11:11 - PHP Warning:  Array to string conversion in /var/www/html/opencart/upload/admin2504/controller/catalog/product.php on line 1402
2025-02-18 12:11:11 - PHP Warning:  Undefined variable $product_id in /var/www/html/opencart/upload/admin2504/controller/catalog/product.php on line 1408
2025-02-18 12:11:21 - PHP Warning:  Array to string conversion in /var/www/html/opencart/upload/admin2504/controller/catalog/product.php on line 1402
2025-02-18 12:11:21 - PHP Warning:  Undefined variable $product_id in /var/www/html/opencart/upload/admin2504/controller/catalog/product.php on line 1408
2025-02-18 12:12:16 - PHP Warning:  Array to string conversion in /var/www/html/opencart/upload/admin2504/controller/catalog/product.php on line 1402
2025-02-18 12:12:16 - PHP Warning:  Undefined variable $product_id in /var/www/html/opencart/upload/admin2504/controller/catalog/product.php on line 1408
2025-02-18 12:12:16 - PHP Warning:  Uninitialized string offset 0 in /var/www/html/opencart/upload/admin2504/model/catalog/product.php on line 185
2025-02-18 12:12:16 - PHP Warning:  Uninitialized string offset 1 in /var/www/html/opencart/upload/admin2504/model/catalog/product.php on line 185
2025-02-18 12:13:20 - PHP Warning:  Array to string conversion in /var/www/html/opencart/upload/admin2504/controller/catalog/product.php on line 1402
2025-02-18 12:13:20 - PHP Warning:  Undefined variable $product_id in /var/www/html/opencart/upload/admin2504/controller/catalog/product.php on line 1408
2025-02-18 12:13:20 - PHP Warning:  Uninitialized string offset 0 in /var/www/html/opencart/upload/admin2504/model/catalog/product.php on line 185
2025-02-18 12:13:20 - PHP Warning:  Uninitialized string offset 1 in /var/www/html/opencart/upload/admin2504/model/catalog/product.php on line 185
2025-02-18 12:17:28 - PHP Warning:  Undefined variable $product_id in /var/www/html/opencart/upload/admin2504/controller/catalog/product.php on line 1408
2025-02-18 12:17:28 - PHP Warning:  Uninitialized string offset 0 in /var/www/html/opencart/upload/admin2504/model/catalog/product.php on line 185
2025-02-18 12:17:28 - PHP Warning:  Uninitialized string offset 1 in /var/www/html/opencart/upload/admin2504/model/catalog/product.php on line 185
2025-02-18 12:17:32 - PHP Warning:  Undefined variable $product_id in /var/www/html/opencart/upload/admin2504/controller/catalog/product.php on line 1408
2025-02-18 12:17:32 - PHP Warning:  Uninitialized string offset 0 in /var/www/html/opencart/upload/admin2504/model/catalog/product.php on line 185
2025-02-18 12:17:32 - PHP Warning:  Uninitialized string offset 1 in /var/www/html/opencart/upload/admin2504/model/catalog/product.php on line 185
2025-02-18 12:17:38 - PHP Warning:  Undefined variable $product_id in /var/www/html/opencart/upload/admin2504/controller/catalog/product.php on line 1408
2025-02-18 12:17:38 - PHP Warning:  Uninitialized string offset 0 in /var/www/html/opencart/upload/admin2504/model/catalog/product.php on line 185
2025-02-18 12:17:38 - PHP Warning:  Uninitialized string offset 1 in /var/www/html/opencart/upload/admin2504/model/catalog/product.php on line 185
2025-02-18 12:17:40 - PHP Warning:  Undefined variable $product_id in /var/www/html/opencart/upload/admin2504/controller/catalog/product.php on line 1408
2025-02-18 12:17:40 - PHP Warning:  Uninitialized string offset 0 in /var/www/html/opencart/upload/admin2504/model/catalog/product.php on line 185
2025-02-18 12:17:40 - PHP Warning:  Uninitialized string offset 1 in /var/www/html/opencart/upload/admin2504/model/catalog/product.php on line 185
2025-02-18 12:21:01 - PHP Warning:  Undefined variable $product_id in /var/www/html/opencart/upload/admin2504/controller/catalog/product.php on line 1406
2025-02-18 12:21:01 - PHP Warning:  Uninitialized string offset 0 in /var/www/html/opencart/upload/admin2504/model/catalog/product.php on line 185
2025-02-18 12:21:01 - PHP Warning:  Uninitialized string offset 1 in /var/www/html/opencart/upload/admin2504/model/catalog/product.php on line 185
2025-02-18 12:21:23 - PHP Warning:  Undefined variable $product_id in /var/www/html/opencart/upload/admin2504/controller/catalog/product.php on line 1406
2025-02-18 12:21:23 - PHP Warning:  Uninitialized string offset 0 in /var/www/html/opencart/upload/admin2504/model/catalog/product.php on line 185
2025-02-18 12:21:23 - PHP Warning:  Uninitialized string offset 1 in /var/www/html/opencart/upload/admin2504/model/catalog/product.php on line 185
2025-02-18 12:21:51 - PHP Warning:  Undefined variable $product_id in /var/www/html/opencart/upload/admin2504/controller/catalog/product.php on line 1406
2025-02-18 12:21:51 - PHP Warning:  Uninitialized string offset 0 in /var/www/html/opencart/upload/admin2504/model/catalog/product.php on line 185
2025-02-18 12:21:51 - PHP Warning:  Uninitialized string offset 1 in /var/www/html/opencart/upload/admin2504/model/catalog/product.php on line 185
2025-02-18 12:23:20 - PHP Warning:  Undefined variable $product_id in /var/www/html/opencart/upload/admin2504/controller/catalog/product.php on line 1406
2025-02-18 12:23:20 - PHP Warning:  Uninitialized string offset 0 in /var/www/html/opencart/upload/admin2504/model/catalog/product.php on line 185
2025-02-18 12:23:20 - PHP Warning:  Uninitialized string offset 1 in /var/www/html/opencart/upload/admin2504/model/catalog/product.php on line 185
2025-02-18 12:25:37 - PHP Warning:  Undefined variable $product_id in /var/www/html/opencart/upload/admin2504/controller/catalog/product.php on line 1406
2025-02-18 12:25:37 - PHP Warning:  Undefined variable $product_id in /var/www/html/opencart/upload/admin2504/controller/catalog/product.php on line 1409
2025-02-18 12:25:42 - PHP Warning:  Undefined variable $product_id in /var/www/html/opencart/upload/admin2504/controller/catalog/product.php on line 1406
2025-02-18 12:25:42 - PHP Warning:  Undefined variable $product_id in /var/www/html/opencart/upload/admin2504/controller/catalog/product.php on line 1409
2025-02-18 12:28:27 - PHP Warning:  Undefined variable $product_id in /var/www/html/opencart/upload/admin2504/controller/catalog/product.php on line 1409
2025-02-18 12:29:01 - PHP Warning:  Undefined variable $product_id in /var/www/html/opencart/upload/admin2504/controller/catalog/product.php on line 1409
2025-02-18 12:29:02 - PHP Warning:  Undefined variable $product_id in /var/www/html/opencart/upload/admin2504/controller/catalog/product.php on line 1409
2025-02-18 12:29:02 - PHP Warning:  Undefined variable $product_id in /var/www/html/opencart/upload/admin2504/controller/catalog/product.php on line 1409
2025-02-18 12:29:02 - PHP Warning:  Undefined variable $product_id in /var/www/html/opencart/upload/admin2504/controller/catalog/product.php on line 1409
2025-02-18 12:29:02 - PHP Warning:  Undefined variable $product_id in /var/www/html/opencart/upload/admin2504/controller/catalog/product.php on line 1409
2025-02-18 12:29:03 - PHP Warning:  Undefined variable $product_id in /var/www/html/opencart/upload/admin2504/controller/catalog/product.php on line 1409
2025-02-18 12:29:03 - PHP Warning:  Undefined variable $product_id in /var/www/html/opencart/upload/admin2504/controller/catalog/product.php on line 1409
2025-02-18 12:29:03 - PHP Warning:  Undefined variable $product_id in /var/www/html/opencart/upload/admin2504/controller/catalog/product.php on line 1409
2025-02-18 12:30:46 - PHP Warning:  Undefined variable $product_id in /var/www/html/opencart/upload/admin2504/controller/catalog/product.php on line 1409
2025-02-18 12:30:46 - PHP Warning:  Uninitialized string offset 0 in /var/www/html/opencart/upload/admin2504/model/catalog/product.php on line 185
2025-02-18 12:30:46 - PHP Warning:  Uninitialized string offset 1 in /var/www/html/opencart/upload/admin2504/model/catalog/product.php on line 185
2025-02-18 12:31:14 - PHP Warning:  Undefined variable $product_id in /var/www/html/opencart/upload/admin2504/controller/catalog/product.php on line 1409
2025-02-18 12:31:14 - PHP Warning:  Uninitialized string offset 0 in /var/www/html/opencart/upload/admin2504/model/catalog/product.php on line 185
2025-02-18 12:31:14 - PHP Warning:  Uninitialized string offset 1 in /var/www/html/opencart/upload/admin2504/model/catalog/product.php on line 185
2025-02-18 12:31:18 - PHP Warning:  Undefined variable $product_id in /var/www/html/opencart/upload/admin2504/controller/catalog/product.php on line 1409
2025-02-18 12:31:18 - PHP Warning:  Uninitialized string offset 0 in /var/www/html/opencart/upload/admin2504/model/catalog/product.php on line 185
2025-02-18 12:31:18 - PHP Warning:  Uninitialized string offset 1 in /var/www/html/opencart/upload/admin2504/model/catalog/product.php on line 185
2025-02-18 12:41:44 - PHP Warning:  Undefined variable $product_id in /var/www/html/opencart/upload/admin2504/controller/catalog/product.php on line 1409
2025-02-18 12:41:44 - PHP Warning:  Uninitialized string offset 0 in /var/www/html/opencart/upload/admin2504/model/catalog/product.php on line 185
2025-02-18 12:41:44 - PHP Warning:  Uninitialized string offset 1 in /var/www/html/opencart/upload/admin2504/model/catalog/product.php on line 185
2025-02-18 12:41:44 - PHP Warning:  Undefined variable $product_id in /var/www/html/opencart/upload/admin2504/controller/catalog/product.php on line 1409
2025-02-18 12:41:44 - PHP Warning:  Uninitialized string offset 0 in /var/www/html/opencart/upload/admin2504/model/catalog/product.php on line 185
2025-02-18 12:41:44 - PHP Warning:  Uninitialized string offset 1 in /var/www/html/opencart/upload/admin2504/model/catalog/product.php on line 185
2025-02-18 12:41:47 - PHP Warning:  Undefined variable $product_id in /var/www/html/opencart/upload/admin2504/controller/catalog/product.php on line 1409
2025-02-18 12:41:47 - PHP Warning:  Uninitialized string offset 0 in /var/www/html/opencart/upload/admin2504/model/catalog/product.php on line 185
2025-02-18 12:41:47 - PHP Warning:  Uninitialized string offset 1 in /var/www/html/opencart/upload/admin2504/model/catalog/product.php on line 185
2025-02-18 12:45:13 - PHP Warning:  Undefined variable $product_id in /var/www/html/opencart/upload/admin2504/controller/catalog/product.php on line 1409
2025-02-18 12:53:29 - PHP Warning:  Undefined variable $product_id in /var/www/html/opencart/upload/admin2504/controller/catalog/product.php on line 1409
2025-02-18 12:58:44 - PHP Warning:  Undefined variable $product_id in /var/www/html/opencart/upload/admin2504/controller/catalog/product.php on line 1409
